[debug] [2019-09-23T19:04:28.347Z] ----------------------------------------------------------------------
[debug] [2019-09-23T19:04:28.348Z] Command:       /Users/akiryk/.nvm/versions/node/v8.13.0/bin/node /Users/akiryk/.nvm/versions/node/v8.13.0/bin/firebase serve
[debug] [2019-09-23T19:04:28.349Z] CLI Version:   7.2.2
[debug] [2019-09-23T19:04:28.349Z] Platform:      darwin
[debug] [2019-09-23T19:04:28.349Z] Node Version:  v8.13.0
[debug] [2019-09-23T19:04:28.349Z] Time:          Mon Sep 23 2019 15:04:28 GMT-0400 (EDT)
[debug] [2019-09-23T19:04:28.349Z] ----------------------------------------------------------------------
[debug] 
[debug] [2019-09-23T19:04:28.357Z] > command requires scopes: ["email","openid","https://www.googleapis.com/auth/cloudplatformprojects.readonly","https://www.googleapis.com/auth/firebase","https://www.googleapis.com/auth/cloud-platform"]
[debug] [2019-09-23T19:04:28.357Z] > authorizing via signed-in user
[debug] [2019-09-23T19:04:28.357Z] [iam] checking project simplereactapp-bed9b for permissions ["firebase.projects.get"]
[debug] [2019-09-23T19:04:28.358Z] >>> HTTP REQUEST POST https://cloudresourcemanager.googleapis.com/v1/projects/simplereactapp-bed9b:testIamPermissions  

[debug] [2019-09-23T19:04:28.687Z] <<< HTTP RESPONSE 200
[debug] [2019-09-23T19:04:28.689Z] >>> HTTP REQUEST GET https://firebase.googleapis.com/v1beta1/projects/simplereactapp-bed9b  
 
[debug] [2019-09-23T19:04:28.895Z] <<< HTTP RESPONSE 200
[info] 
[info] === Serving from '/Users/akiryk/Documents/projects/socialape-functions'...
[info] 
[info] ✔  functions: Using node@8 from host.
[debug] [2019-09-23T19:04:28.931Z] >>> HTTP REQUEST GET https://firebase.googleapis.com/v1beta1/projects/simplereactapp-bed9b/adminSdkConfig  
 
[debug] [2019-09-23T19:04:29.102Z] <<< HTTP RESPONSE 200
[info] ✔  functions: Emulator started at http://localhost:5000
[info] i  functions: Watching "/Users/akiryk/Documents/projects/socialape-functions/functions" for Cloud Functions...
[debug] [2019-09-23T19:04:29.670Z] [runtime-status] Functions runtime initialized. {"cwd":"/Users/akiryk/Documents/projects/socialape-functions/functions","node_version":"8.13.0"}
[debug] [2019-09-23T19:04:29.670Z] [runtime-status] Disabled runtime features: {"functions_config_helper":true,"network_filtering":true,"timeout":true,"memory_limiting":true,"admin_stubs":true} {}
[debug] [2019-09-23T19:04:29.672Z] [runtime-status] Resolved module firebase-admin {"declared":true,"installed":true,"version":"8.3.0","resolution":"/Users/akiryk/Documents/projects/socialape-functions/functions/node_modules/firebase-admin/lib/index.js"}
[debug] [2019-09-23T19:04:29.674Z] [runtime-status] Resolved module firebase-functions {"declared":true,"installed":true,"version":"3.2.0","resolution":"/Users/akiryk/Documents/projects/socialape-functions/functions/node_modules/firebase-functions/lib/index.js"}
[debug] [2019-09-23T19:04:29.674Z] [runtime-status] Resolved module firebase-functions {"declared":true,"installed":true,"version":"3.2.0","resolution":"/Users/akiryk/Documents/projects/socialape-functions/functions/node_modules/firebase-functions/lib/index.js"}
[info] ✔  functions[api]: http function initialized (http://localhost:5000/simplereactapp-bed9b/us-east1/api).
[debug] [2019-09-23T19:04:33.300Z] Accepted request POST /simplereactapp-bed9b/us-east1/api/login --> api
[debug] [2019-09-23T19:04:33.683Z] [runtime-status] Functions runtime initialized. {"cwd":"/Users/akiryk/Documents/projects/socialape-functions/functions","node_version":"8.13.0"}
[info] i  functions: Beginning execution of "api"
[debug] [2019-09-23T19:04:33.684Z] [runtime-status] Disabled runtime features: {"functions_config_helper":true,"network_filtering":true,"timeout":true,"memory_limiting":true,"admin_stubs":true} {}
[debug] [2019-09-23T19:04:33.689Z] [runtime-status] Resolved module firebase-admin {"declared":true,"installed":true,"version":"8.3.0","resolution":"/Users/akiryk/Documents/projects/socialape-functions/functions/node_modules/firebase-admin/lib/index.js"}
[debug] [2019-09-23T19:04:33.693Z] [runtime-status] Resolved module firebase-functions {"declared":true,"installed":true,"version":"3.2.0","resolution":"/Users/akiryk/Documents/projects/socialape-functions/functions/node_modules/firebase-functions/lib/index.js"}
[debug] [2019-09-23T19:04:33.693Z] [runtime-status] Resolved module firebase-functions {"declared":true,"installed":true,"version":"3.2.0","resolution":"/Users/akiryk/Documents/projects/socialape-functions/functions/node_modules/firebase-functions/lib/index.js"}
[debug] [2019-09-23T19:04:34.193Z] [runtime-status] Trigger "api" has been found, beginning invocation! {}
[debug] [2019-09-23T19:04:34.194Z] [runtime-status]  {"regions":["us-east1"],"httpsTrigger":{},"name":"api","entryPoint":"api"}
[debug] [2019-09-23T19:04:34.194Z] [runtime-status] Running api in mode HTTPS {}
[debug] [2019-09-23T19:04:34.203Z] {"socketPath":"/var/folders/07/ncjwvyls5md9byn835b_y8hm003zxn/T/firebase_emulator_invocation_20520.sock"}
[debug] [2019-09-23T19:04:34.205Z] [functions] Runtime ready! Sending request! {"socketPath":"/var/folders/07/ncjwvyls5md9byn835b_y8hm003zxn/T/firebase_emulator_invocation_20520.sock"}
[debug] [2019-09-23T19:04:34.232Z] [runtime-status] Ephemeral server used! {}
[info] >  req [object Object]
[debug] [2019-09-23T19:04:34.235Z] [runtime-status] Ephemeral server survived. {}
[debug] [2019-09-23T19:05:31.610Z] File /Users/akiryk/Documents/projects/socialape-functions/functions/index.js changed, reloading triggers
[debug] [2019-09-23T19:05:32.868Z] [runtime-status] Functions runtime initialized. {"cwd":"/Users/akiryk/Documents/projects/socialape-functions/functions","node_version":"8.13.0"}
[debug] [2019-09-23T19:05:32.868Z] [runtime-status] Disabled runtime features: {"functions_config_helper":true,"network_filtering":true,"timeout":true,"memory_limiting":true,"admin_stubs":true} {}
[debug] [2019-09-23T19:05:32.871Z] [runtime-status] Resolved module firebase-admin {"declared":true,"installed":true,"version":"8.3.0","resolution":"/Users/akiryk/Documents/projects/socialape-functions/functions/node_modules/firebase-admin/lib/index.js"}
[debug] [2019-09-23T19:05:32.872Z] [runtime-status] Resolved module firebase-functions {"declared":true,"installed":true,"version":"3.2.0","resolution":"/Users/akiryk/Documents/projects/socialape-functions/functions/node_modules/firebase-functions/lib/index.js"}
[debug] [2019-09-23T19:05:32.872Z] [runtime-status] Resolved module firebase-functions {"declared":true,"installed":true,"version":"3.2.0","resolution":"/Users/akiryk/Documents/projects/socialape-functions/functions/node_modules/firebase-functions/lib/index.js"}
[debug] [2019-09-23T19:08:50.707Z] Accepted request POST /simplereactapp-bed9b/us-east1/api/signup --> api
[debug] [2019-09-23T19:08:50.988Z] [runtime-status] Functions runtime initialized. {"cwd":"/Users/akiryk/Documents/projects/socialape-functions/functions","node_version":"8.13.0"}
[info] i  functions: Beginning execution of "api"
[debug] [2019-09-23T19:08:50.988Z] [runtime-status] Disabled runtime features: {"functions_config_helper":true,"network_filtering":true,"timeout":true,"memory_limiting":true,"admin_stubs":true} {}
[debug] [2019-09-23T19:08:50.991Z] [runtime-status] Resolved module firebase-admin {"declared":true,"installed":true,"version":"8.3.0","resolution":"/Users/akiryk/Documents/projects/socialape-functions/functions/node_modules/firebase-admin/lib/index.js"}
[debug] [2019-09-23T19:08:50.992Z] [runtime-status] Resolved module firebase-functions {"declared":true,"installed":true,"version":"3.2.0","resolution":"/Users/akiryk/Documents/projects/socialape-functions/functions/node_modules/firebase-functions/lib/index.js"}
[debug] [2019-09-23T19:08:50.993Z] [runtime-status] Resolved module firebase-functions {"declared":true,"installed":true,"version":"3.2.0","resolution":"/Users/akiryk/Documents/projects/socialape-functions/functions/node_modules/firebase-functions/lib/index.js"}
[debug] [2019-09-23T19:08:51.395Z] [runtime-status] Trigger "api" has been found, beginning invocation! {}
[debug] [2019-09-23T19:08:51.395Z] [runtime-status]  {"regions":["us-east1"],"httpsTrigger":{},"name":"api","entryPoint":"api"}
[debug] [2019-09-23T19:08:51.395Z] [runtime-status] Running api in mode HTTPS {}
[debug] [2019-09-23T19:08:51.403Z] {"socketPath":"/var/folders/07/ncjwvyls5md9byn835b_y8hm003zxn/T/firebase_emulator_invocation_20550.sock"}
[debug] [2019-09-23T19:08:51.405Z] [functions] Runtime ready! Sending request! {"socketPath":"/var/folders/07/ncjwvyls5md9byn835b_y8hm003zxn/T/firebase_emulator_invocation_20550.sock"}
[info] >  SyntaxError: Unexpected token } in JSON at position 91
[info] >      at JSON.parse (<anonymous>)
[info] >      at parse (/Users/akiryk/.nvm/versions/node/v8.13.0/lib/node_modules/firebase-tools/node_modules/body-parser/lib/types/json.js:89:19)
[info] >      at /Users/akiryk/.nvm/versions/node/v8.13.0/lib/node_modules/firebase-tools/node_modules/body-parser/lib/read.js:121:18
[info] >      at invokeCallback (/Users/akiryk/.nvm/versions/node/v8.13.0/lib/node_modules/firebase-tools/node_modules/raw-body/index.js:224:16)
[info] >      at done (/Users/akiryk/.nvm/versions/node/v8.13.0/lib/node_modules/firebase-tools/node_modules/raw-body/index.js:213:7)
[info] >      at IncomingMessage.onEnd (/Users/akiryk/.nvm/versions/node/v8.13.0/lib/node_modules/firebase-tools/node_modules/raw-body/index.js:273:7)
[info] >      at emitNone (events.js:106:13)
[info] >      at IncomingMessage.emit (events.js:208:7)
[info] >      at endReadableNT (_stream_readable.js:1064:12)
[info] >      at _combinedTickCallback (internal/process/next_tick.js:139:11)
[debug] [2019-09-23T19:09:15.581Z] Accepted request POST /simplereactapp-bed9b/us-east1/api/signup --> api
[debug] [2019-09-23T19:09:15.891Z] [runtime-status] Functions runtime initialized. {"cwd":"/Users/akiryk/Documents/projects/socialape-functions/functions","node_version":"8.13.0"}
[info] i  functions: Beginning execution of "api"
[debug] [2019-09-23T19:09:15.891Z] [runtime-status] Disabled runtime features: {"functions_config_helper":true,"network_filtering":true,"timeout":true,"memory_limiting":true,"admin_stubs":true} {}
[debug] [2019-09-23T19:09:15.895Z] [runtime-status] Resolved module firebase-admin {"declared":true,"installed":true,"version":"8.3.0","resolution":"/Users/akiryk/Documents/projects/socialape-functions/functions/node_modules/firebase-admin/lib/index.js"}
[debug] [2019-09-23T19:09:15.896Z] [runtime-status] Resolved module firebase-functions {"declared":true,"installed":true,"version":"3.2.0","resolution":"/Users/akiryk/Documents/projects/socialape-functions/functions/node_modules/firebase-functions/lib/index.js"}
[debug] [2019-09-23T19:09:15.900Z] [runtime-status] Resolved module firebase-functions {"declared":true,"installed":true,"version":"3.2.0","resolution":"/Users/akiryk/Documents/projects/socialape-functions/functions/node_modules/firebase-functions/lib/index.js"}
[debug] [2019-09-23T19:09:16.337Z] [runtime-status] Trigger "api" has been found, beginning invocation! {}
[debug] [2019-09-23T19:09:16.337Z] [runtime-status]  {"regions":["us-east1"],"httpsTrigger":{},"name":"api","entryPoint":"api"}
[debug] [2019-09-23T19:09:16.337Z] [runtime-status] Running api in mode HTTPS {}
[debug] [2019-09-23T19:09:16.344Z] {"socketPath":"/var/folders/07/ncjwvyls5md9byn835b_y8hm003zxn/T/firebase_emulator_invocation_20551.sock"}
[debug] [2019-09-23T19:09:16.344Z] [functions] Runtime ready! Sending request! {"socketPath":"/var/folders/07/ncjwvyls5md9byn835b_y8hm003zxn/T/firebase_emulator_invocation_20551.sock"}
[debug] [2019-09-23T19:09:16.360Z] [runtime-status] Ephemeral server used! {}
[debug] [2019-09-23T19:09:16.366Z] [runtime-status] Ephemeral server survived. {}
[info] i  functions: Finished "api" in ~1s
[debug] [2019-09-23T19:09:28.316Z] Accepted request POST /simplereactapp-bed9b/us-east1/api/signup --> api
[debug] [2019-09-23T19:09:28.627Z] [runtime-status] Functions runtime initialized. {"cwd":"/Users/akiryk/Documents/projects/socialape-functions/functions","node_version":"8.13.0"}
[info] i  functions: Beginning execution of "api"
[debug] [2019-09-23T19:09:28.627Z] [runtime-status] Disabled runtime features: {"functions_config_helper":true,"network_filtering":true,"timeout":true,"memory_limiting":true,"admin_stubs":true} {}
[debug] [2019-09-23T19:09:28.631Z] [runtime-status] Resolved module firebase-admin {"declared":true,"installed":true,"version":"8.3.0","resolution":"/Users/akiryk/Documents/projects/socialape-functions/functions/node_modules/firebase-admin/lib/index.js"}
[debug] [2019-09-23T19:09:28.637Z] [runtime-status] Resolved module firebase-functions {"declared":true,"installed":true,"version":"3.2.0","resolution":"/Users/akiryk/Documents/projects/socialape-functions/functions/node_modules/firebase-functions/lib/index.js"}
[debug] [2019-09-23T19:09:28.637Z] [runtime-status] Resolved module firebase-functions {"declared":true,"installed":true,"version":"3.2.0","resolution":"/Users/akiryk/Documents/projects/socialape-functions/functions/node_modules/firebase-functions/lib/index.js"}
[debug] [2019-09-23T19:09:29.056Z] [runtime-status] Trigger "api" has been found, beginning invocation! {}
[debug] [2019-09-23T19:09:29.056Z] [runtime-status]  {"regions":["us-east1"],"httpsTrigger":{},"name":"api","entryPoint":"api"}
[debug] [2019-09-23T19:09:29.056Z] [runtime-status] Running api in mode HTTPS {}
[debug] [2019-09-23T19:09:29.062Z] {"socketPath":"/var/folders/07/ncjwvyls5md9byn835b_y8hm003zxn/T/firebase_emulator_invocation_20553.sock"}
[debug] [2019-09-23T19:09:29.063Z] [functions] Runtime ready! Sending request! {"socketPath":"/var/folders/07/ncjwvyls5md9byn835b_y8hm003zxn/T/firebase_emulator_invocation_20553.sock"}
[debug] [2019-09-23T19:09:29.079Z] [runtime-status] Ephemeral server used! {}
[debug] [2019-09-23T19:09:29.394Z] [runtime-status] Ephemeral server survived. {}
[info] i  functions: Finished "api" in ~1s
[debug] [2019-09-23T19:09:48.852Z] Accepted request POST /simplereactapp-bed9b/us-east1/api/login --> api
[debug] [2019-09-23T19:09:49.140Z] [runtime-status] Functions runtime initialized. {"cwd":"/Users/akiryk/Documents/projects/socialape-functions/functions","node_version":"8.13.0"}
[info] i  functions: Beginning execution of "api"
[debug] [2019-09-23T19:09:49.142Z] [runtime-status] Disabled runtime features: {"functions_config_helper":true,"network_filtering":true,"timeout":true,"memory_limiting":true,"admin_stubs":true} {}
[debug] [2019-09-23T19:09:49.148Z] [runtime-status] Resolved module firebase-admin {"declared":true,"installed":true,"version":"8.3.0","resolution":"/Users/akiryk/Documents/projects/socialape-functions/functions/node_modules/firebase-admin/lib/index.js"}
[debug] [2019-09-23T19:09:49.151Z] [runtime-status] Resolved module firebase-functions {"declared":true,"installed":true,"version":"3.2.0","resolution":"/Users/akiryk/Documents/projects/socialape-functions/functions/node_modules/firebase-functions/lib/index.js"}
[debug] [2019-09-23T19:09:49.151Z] [runtime-status] Resolved module firebase-functions {"declared":true,"installed":true,"version":"3.2.0","resolution":"/Users/akiryk/Documents/projects/socialape-functions/functions/node_modules/firebase-functions/lib/index.js"}
[debug] [2019-09-23T19:09:49.587Z] [runtime-status] Trigger "api" has been found, beginning invocation! {}
[debug] [2019-09-23T19:09:49.587Z] [runtime-status]  {"regions":["us-east1"],"httpsTrigger":{},"name":"api","entryPoint":"api"}
[debug] [2019-09-23T19:09:49.587Z] [runtime-status] Running api in mode HTTPS {}
[debug] [2019-09-23T19:09:49.596Z] {"socketPath":"/var/folders/07/ncjwvyls5md9byn835b_y8hm003zxn/T/firebase_emulator_invocation_20554.sock"}
[debug] [2019-09-23T19:09:49.597Z] [functions] Runtime ready! Sending request! {"socketPath":"/var/folders/07/ncjwvyls5md9byn835b_y8hm003zxn/T/firebase_emulator_invocation_20554.sock"}
[debug] [2019-09-23T19:09:49.613Z] [runtime-status] Ephemeral server used! {}
[debug] [2019-09-23T19:09:49.615Z] [runtime-status] Ephemeral server survived. {}
[debug] [2019-09-23T19:13:08.739Z] File /Users/akiryk/Documents/projects/socialape-functions/functions/index.js changed, reloading triggers
[debug] [2019-09-23T19:13:09.997Z] [runtime-status] Functions runtime initialized. {"cwd":"/Users/akiryk/Documents/projects/socialape-functions/functions","node_version":"8.13.0"}
[debug] [2019-09-23T19:13:09.997Z] [runtime-status] Disabled runtime features: {"functions_config_helper":true,"network_filtering":true,"timeout":true,"memory_limiting":true,"admin_stubs":true} {}
[debug] [2019-09-23T19:13:09.999Z] [runtime-status] Resolved module firebase-admin {"declared":true,"installed":true,"version":"8.3.0","resolution":"/Users/akiryk/Documents/projects/socialape-functions/functions/node_modules/firebase-admin/lib/index.js"}
[debug] [2019-09-23T19:13:10.000Z] [runtime-status] Resolved module firebase-functions {"declared":true,"installed":true,"version":"3.2.0","resolution":"/Users/akiryk/Documents/projects/socialape-functions/functions/node_modules/firebase-functions/lib/index.js"}
[debug] [2019-09-23T19:13:10.001Z] [runtime-status] Resolved module firebase-functions {"declared":true,"installed":true,"version":"3.2.0","resolution":"/Users/akiryk/Documents/projects/socialape-functions/functions/node_modules/firebase-functions/lib/index.js"}
[debug] [2019-09-23T19:13:35.249Z] File /Users/akiryk/Documents/projects/socialape-functions/functions/index.js changed, reloading triggers
[debug] [2019-09-23T19:13:36.274Z] File /Users/akiryk/Documents/projects/socialape-functions/functions/index.js changed, reloading triggers
[debug] [2019-09-23T19:13:36.536Z] [runtime-status] Functions runtime initialized. {"cwd":"/Users/akiryk/Documents/projects/socialape-functions/functions","node_version":"8.13.0"}
[debug] [2019-09-23T19:13:36.536Z] [runtime-status] Disabled runtime features: {"functions_config_helper":true,"network_filtering":true,"timeout":true,"memory_limiting":true,"admin_stubs":true} {}
[debug] [2019-09-23T19:13:36.538Z] [runtime-status] Resolved module firebase-admin {"declared":true,"installed":true,"version":"8.3.0","resolution":"/Users/akiryk/Documents/projects/socialape-functions/functions/node_modules/firebase-admin/lib/index.js"}
[debug] [2019-09-23T19:13:36.540Z] [runtime-status] Resolved module firebase-functions {"declared":true,"installed":true,"version":"3.2.0","resolution":"/Users/akiryk/Documents/projects/socialape-functions/functions/node_modules/firebase-functions/lib/index.js"}
[debug] [2019-09-23T19:13:36.540Z] [runtime-status] Resolved module firebase-functions {"declared":true,"installed":true,"version":"3.2.0","resolution":"/Users/akiryk/Documents/projects/socialape-functions/functions/node_modules/firebase-functions/lib/index.js"}
[debug] [2019-09-23T19:13:37.558Z] [runtime-status] Functions runtime initialized. {"cwd":"/Users/akiryk/Documents/projects/socialape-functions/functions","node_version":"8.13.0"}
[debug] [2019-09-23T19:13:37.559Z] [runtime-status] Disabled runtime features: {"functions_config_helper":true,"network_filtering":true,"timeout":true,"memory_limiting":true,"admin_stubs":true} {}
[debug] [2019-09-23T19:13:37.561Z] [runtime-status] Resolved module firebase-admin {"declared":true,"installed":true,"version":"8.3.0","resolution":"/Users/akiryk/Documents/projects/socialape-functions/functions/node_modules/firebase-admin/lib/index.js"}
[debug] [2019-09-23T19:13:37.562Z] [runtime-status] Resolved module firebase-functions {"declared":true,"installed":true,"version":"3.2.0","resolution":"/Users/akiryk/Documents/projects/socialape-functions/functions/node_modules/firebase-functions/lib/index.js"}
[debug] [2019-09-23T19:13:37.563Z] [runtime-status] Resolved module firebase-functions {"declared":true,"installed":true,"version":"3.2.0","resolution":"/Users/akiryk/Documents/projects/socialape-functions/functions/node_modules/firebase-functions/lib/index.js"}
[debug] [2019-09-23T19:13:46.584Z] Accepted request POST /simplereactapp-bed9b/us-east1/api/login --> api
[debug] [2019-09-23T19:13:46.850Z] [runtime-status] Functions runtime initialized. {"cwd":"/Users/akiryk/Documents/projects/socialape-functions/functions","node_version":"8.13.0"}
[info] i  functions: Beginning execution of "api"
[debug] [2019-09-23T19:13:46.851Z] [runtime-status] Disabled runtime features: {"functions_config_helper":true,"network_filtering":true,"timeout":true,"memory_limiting":true,"admin_stubs":true} {}
[debug] [2019-09-23T19:13:46.855Z] [runtime-status] Resolved module firebase-admin {"declared":true,"installed":true,"version":"8.3.0","resolution":"/Users/akiryk/Documents/projects/socialape-functions/functions/node_modules/firebase-admin/lib/index.js"}
[debug] [2019-09-23T19:13:46.857Z] [runtime-status] Resolved module firebase-functions {"declared":true,"installed":true,"version":"3.2.0","resolution":"/Users/akiryk/Documents/projects/socialape-functions/functions/node_modules/firebase-functions/lib/index.js"}
[debug] [2019-09-23T19:13:46.863Z] [runtime-status] Resolved module firebase-functions {"declared":true,"installed":true,"version":"3.2.0","resolution":"/Users/akiryk/Documents/projects/socialape-functions/functions/node_modules/firebase-functions/lib/index.js"}
[debug] [2019-09-23T19:13:47.243Z] [runtime-status] Trigger "api" has been found, beginning invocation! {}
[debug] [2019-09-23T19:13:47.243Z] [runtime-status]  {"regions":["us-east1"],"httpsTrigger":{},"name":"api","entryPoint":"api"}
[debug] [2019-09-23T19:13:47.243Z] [runtime-status] Running api in mode HTTPS {}
[debug] [2019-09-23T19:13:47.249Z] {"socketPath":"/var/folders/07/ncjwvyls5md9byn835b_y8hm003zxn/T/firebase_emulator_invocation_20737.sock"}
[debug] [2019-09-23T19:13:47.250Z] [functions] Runtime ready! Sending request! {"socketPath":"/var/folders/07/ncjwvyls5md9byn835b_y8hm003zxn/T/firebase_emulator_invocation_20737.sock"}
[debug] [2019-09-23T19:13:47.276Z] [runtime-status] Ephemeral server used! {}
[debug] [2019-09-23T19:13:47.293Z] [runtime-status] Ephemeral server survived. {}
[info] >  TypeError: data.getIdToken is not a function
[info] >      at firebase.auth.signInWithEmailAndPassword.then.data (/Users/akiryk/Documents/projects/socialape-functions/functions/index.js:213:19)
[info] >      at e.g (/Users/akiryk/Documents/projects/socialape-functions/functions/node_modules/@firebase/auth/dist/auth.js:26:101)
[info] >      at kc (/Users/akiryk/Documents/projects/socialape-functions/functions/node_modules/@firebase/auth/dist/auth.js:29:195)
[info] >      at gc (/Users/akiryk/Documents/projects/socialape-functions/functions/node_modules/@firebase/auth/dist/auth.js:29:85)
[info] >      at B.k.Ub (/Users/akiryk/Documents/projects/socialape-functions/functions/node_modules/@firebase/auth/dist/auth.js:28:303)
[info] >      at Qb (/Users/akiryk/Documents/projects/socialape-functions/functions/node_modules/@firebase/auth/dist/auth.js:22:586)
[info] >      at <anonymous>
[info] >      at process._tickCallback (internal/process/next_tick.js:189:7)
[info] i  functions: Finished "api" in ~1s
[debug] [2019-09-23T19:14:45.644Z] File /Users/akiryk/Documents/projects/socialape-functions/functions/index.js changed, reloading triggers
[debug] [2019-09-23T19:14:46.891Z] [runtime-status] Functions runtime initialized. {"cwd":"/Users/akiryk/Documents/projects/socialape-functions/functions","node_version":"8.13.0"}
[debug] [2019-09-23T19:14:46.892Z] [runtime-status] Disabled runtime features: {"functions_config_helper":true,"network_filtering":true,"timeout":true,"memory_limiting":true,"admin_stubs":true} {}
[debug] [2019-09-23T19:14:46.894Z] [runtime-status] Resolved module firebase-admin {"declared":true,"installed":true,"version":"8.3.0","resolution":"/Users/akiryk/Documents/projects/socialape-functions/functions/node_modules/firebase-admin/lib/index.js"}
[debug] [2019-09-23T19:14:46.895Z] [runtime-status] Resolved module firebase-functions {"declared":true,"installed":true,"version":"3.2.0","resolution":"/Users/akiryk/Documents/projects/socialape-functions/functions/node_modules/firebase-functions/lib/index.js"}
[debug] [2019-09-23T19:14:46.895Z] [runtime-status] Resolved module firebase-functions {"declared":true,"installed":true,"version":"3.2.0","resolution":"/Users/akiryk/Documents/projects/socialape-functions/functions/node_modules/firebase-functions/lib/index.js"}
[debug] [2019-09-23T19:14:51.191Z] File /Users/akiryk/Documents/projects/socialape-functions/functions/index.js changed, reloading triggers
[debug] [2019-09-23T19:14:52.451Z] [runtime-status] Functions runtime initialized. {"cwd":"/Users/akiryk/Documents/projects/socialape-functions/functions","node_version":"8.13.0"}
[debug] [2019-09-23T19:14:52.451Z] [runtime-status] Disabled runtime features: {"functions_config_helper":true,"network_filtering":true,"timeout":true,"memory_limiting":true,"admin_stubs":true} {}
[debug] [2019-09-23T19:14:52.454Z] [runtime-status] Resolved module firebase-admin {"declared":true,"installed":true,"version":"8.3.0","resolution":"/Users/akiryk/Documents/projects/socialape-functions/functions/node_modules/firebase-admin/lib/index.js"}
[debug] [2019-09-23T19:14:52.455Z] [runtime-status] Resolved module firebase-functions {"declared":true,"installed":true,"version":"3.2.0","resolution":"/Users/akiryk/Documents/projects/socialape-functions/functions/node_modules/firebase-functions/lib/index.js"}
[debug] [2019-09-23T19:14:52.455Z] [runtime-status] Resolved module firebase-functions {"declared":true,"installed":true,"version":"3.2.0","resolution":"/Users/akiryk/Documents/projects/socialape-functions/functions/node_modules/firebase-functions/lib/index.js"}
[debug] [2019-09-23T19:14:54.349Z] Accepted request POST /simplereactapp-bed9b/us-east1/api/login --> api
[debug] [2019-09-23T19:14:54.633Z] [runtime-status] Functions runtime initialized. {"cwd":"/Users/akiryk/Documents/projects/socialape-functions/functions","node_version":"8.13.0"}
[info] i  functions: Beginning execution of "api"
[debug] [2019-09-23T19:14:54.634Z] [runtime-status] Disabled runtime features: {"functions_config_helper":true,"network_filtering":true,"timeout":true,"memory_limiting":true,"admin_stubs":true} {}
[debug] [2019-09-23T19:14:54.636Z] [runtime-status] Resolved module firebase-admin {"declared":true,"installed":true,"version":"8.3.0","resolution":"/Users/akiryk/Documents/projects/socialape-functions/functions/node_modules/firebase-admin/lib/index.js"}
[debug] [2019-09-23T19:14:54.637Z] [runtime-status] Resolved module firebase-functions {"declared":true,"installed":true,"version":"3.2.0","resolution":"/Users/akiryk/Documents/projects/socialape-functions/functions/node_modules/firebase-functions/lib/index.js"}
[debug] [2019-09-23T19:14:54.637Z] [runtime-status] Resolved module firebase-functions {"declared":true,"installed":true,"version":"3.2.0","resolution":"/Users/akiryk/Documents/projects/socialape-functions/functions/node_modules/firebase-functions/lib/index.js"}
[debug] [2019-09-23T19:14:55.059Z] [runtime-status] Trigger "api" has been found, beginning invocation! {}
[debug] [2019-09-23T19:14:55.060Z] [runtime-status]  {"regions":["us-east1"],"httpsTrigger":{},"name":"api","entryPoint":"api"}
[debug] [2019-09-23T19:14:55.060Z] [runtime-status] Running api in mode HTTPS {}
[debug] [2019-09-23T19:14:55.065Z] {"socketPath":"/var/folders/07/ncjwvyls5md9byn835b_y8hm003zxn/T/firebase_emulator_invocation_20747.sock"}
[debug] [2019-09-23T19:14:55.066Z] [functions] Runtime ready! Sending request! {"socketPath":"/var/folders/07/ncjwvyls5md9byn835b_y8hm003zxn/T/firebase_emulator_invocation_20747.sock"}
[debug] [2019-09-23T19:14:55.083Z] [runtime-status] Ephemeral server used! {}
[debug] [2019-09-23T19:14:55.101Z] [runtime-status] Ephemeral server survived. {}
[info] i  functions: Finished "api" in ~1s
[debug] [2019-09-23T19:15:03.731Z] Accepted request POST /simplereactapp-bed9b/us-east1/api/login --> api
[debug] [2019-09-23T19:15:04.045Z] [runtime-status] Functions runtime initialized. {"cwd":"/Users/akiryk/Documents/projects/socialape-functions/functions","node_version":"8.13.0"}
[info] i  functions: Beginning execution of "api"
[debug] [2019-09-23T19:15:04.045Z] [runtime-status] Disabled runtime features: {"functions_config_helper":true,"network_filtering":true,"timeout":true,"memory_limiting":true,"admin_stubs":true} {}
[debug] [2019-09-23T19:15:04.048Z] [runtime-status] Resolved module firebase-admin {"declared":true,"installed":true,"version":"8.3.0","resolution":"/Users/akiryk/Documents/projects/socialape-functions/functions/node_modules/firebase-admin/lib/index.js"}
[debug] [2019-09-23T19:15:04.051Z] [runtime-status] Resolved module firebase-functions {"declared":true,"installed":true,"version":"3.2.0","resolution":"/Users/akiryk/Documents/projects/socialape-functions/functions/node_modules/firebase-functions/lib/index.js"}
[debug] [2019-09-23T19:15:04.051Z] [runtime-status] Resolved module firebase-functions {"declared":true,"installed":true,"version":"3.2.0","resolution":"/Users/akiryk/Documents/projects/socialape-functions/functions/node_modules/firebase-functions/lib/index.js"}
[debug] [2019-09-23T19:15:04.485Z] [runtime-status] Trigger "api" has been found, beginning invocation! {}
[debug] [2019-09-23T19:15:04.485Z] [runtime-status]  {"regions":["us-east1"],"httpsTrigger":{},"name":"api","entryPoint":"api"}
[debug] [2019-09-23T19:15:04.485Z] [runtime-status] Running api in mode HTTPS {}
[debug] [2019-09-23T19:15:04.491Z] {"socketPath":"/var/folders/07/ncjwvyls5md9byn835b_y8hm003zxn/T/firebase_emulator_invocation_20748.sock"}
[debug] [2019-09-23T19:15:04.492Z] [functions] Runtime ready! Sending request! {"socketPath":"/var/folders/07/ncjwvyls5md9byn835b_y8hm003zxn/T/firebase_emulator_invocation_20748.sock"}
[debug] [2019-09-23T19:15:04.509Z] [runtime-status] Ephemeral server used! {}
[debug] [2019-09-23T19:15:04.515Z] [runtime-status] Ephemeral server survived. {}
[info] i  functions: Finished "api" in ~1s
[debug] [2019-09-23T19:15:09.694Z] Accepted request POST /simplereactapp-bed9b/us-east1/api/login --> api
[debug] [2019-09-23T19:15:10.028Z] [runtime-status] Functions runtime initialized. {"cwd":"/Users/akiryk/Documents/projects/socialape-functions/functions","node_version":"8.13.0"}
[info] i  functions: Beginning execution of "api"
[debug] [2019-09-23T19:15:10.029Z] [runtime-status] Disabled runtime features: {"functions_config_helper":true,"network_filtering":true,"timeout":true,"memory_limiting":true,"admin_stubs":true} {}
[debug] [2019-09-23T19:15:10.031Z] [runtime-status] Resolved module firebase-admin {"declared":true,"installed":true,"version":"8.3.0","resolution":"/Users/akiryk/Documents/projects/socialape-functions/functions/node_modules/firebase-admin/lib/index.js"}
[debug] [2019-09-23T19:15:10.031Z] [runtime-status] Resolved module firebase-functions {"declared":true,"installed":true,"version":"3.2.0","resolution":"/Users/akiryk/Documents/projects/socialape-functions/functions/node_modules/firebase-functions/lib/index.js"}
[debug] [2019-09-23T19:15:10.032Z] [runtime-status] Resolved module firebase-functions {"declared":true,"installed":true,"version":"3.2.0","resolution":"/Users/akiryk/Documents/projects/socialape-functions/functions/node_modules/firebase-functions/lib/index.js"}
[debug] [2019-09-23T19:15:10.455Z] [runtime-status] Trigger "api" has been found, beginning invocation! {}
[debug] [2019-09-23T19:15:10.455Z] [runtime-status]  {"regions":["us-east1"],"httpsTrigger":{},"name":"api","entryPoint":"api"}
[debug] [2019-09-23T19:15:10.455Z] [runtime-status] Running api in mode HTTPS {}
[debug] [2019-09-23T19:15:10.462Z] {"socketPath":"/var/folders/07/ncjwvyls5md9byn835b_y8hm003zxn/T/firebase_emulator_invocation_20749.sock"}
[debug] [2019-09-23T19:15:10.464Z] [functions] Runtime ready! Sending request! {"socketPath":"/var/folders/07/ncjwvyls5md9byn835b_y8hm003zxn/T/firebase_emulator_invocation_20749.sock"}
[debug] [2019-09-23T19:15:10.483Z] [runtime-status] Ephemeral server used! {}
[debug] [2019-09-23T19:15:10.500Z] [runtime-status] Ephemeral server survived. {}
[info] >  { [Error: The password is invalid or the user does not have a password.]
[info] >    code: 'auth/wrong-password',
[info] >    message: 'The password is invalid or the user does not have a password.' }
[info] i  functions: Finished "api" in ~1s
[debug] [2019-09-23T19:16:02.780Z] File /Users/akiryk/Documents/projects/socialape-functions/functions/index.js changed, reloading triggers
[debug] [2019-09-23T19:16:03.495Z] File /Users/akiryk/Documents/projects/socialape-functions/functions/index.js changed, reloading triggers
[debug] [2019-09-23T19:16:04.728Z] File /Users/akiryk/Documents/projects/socialape-functions/functions/index.js changed, reloading triggers
[debug] [2019-09-23T19:16:04.782Z] [runtime-status] Functions runtime initialized. {"cwd":"/Users/akiryk/Documents/projects/socialape-functions/functions","node_version":"8.13.0"}
[debug] [2019-09-23T19:16:04.783Z] [runtime-status] Disabled runtime features: {"functions_config_helper":true,"network_filtering":true,"timeout":true,"memory_limiting":true,"admin_stubs":true} {}
[debug] [2019-09-23T19:16:04.785Z] [runtime-status] Resolved module firebase-admin {"declared":true,"installed":true,"version":"8.3.0","resolution":"/Users/akiryk/Documents/projects/socialape-functions/functions/node_modules/firebase-admin/lib/index.js"}
[debug] [2019-09-23T19:16:04.786Z] [runtime-status] Resolved module firebase-functions {"declared":true,"installed":true,"version":"3.2.0","resolution":"/Users/akiryk/Documents/projects/socialape-functions/functions/node_modules/firebase-functions/lib/index.js"}
[debug] [2019-09-23T19:16:04.787Z] [runtime-status] Resolved module firebase-functions {"declared":true,"installed":true,"version":"3.2.0","resolution":"/Users/akiryk/Documents/projects/socialape-functions/functions/node_modules/firebase-functions/lib/index.js"}
[debug] [2019-09-23T19:16:05.978Z] [runtime-status] Functions runtime initialized. {"cwd":"/Users/akiryk/Documents/projects/socialape-functions/functions","node_version":"8.13.0"}
[debug] [2019-09-23T19:16:05.978Z] [runtime-status] Disabled runtime features: {"functions_config_helper":true,"network_filtering":true,"timeout":true,"memory_limiting":true,"admin_stubs":true} {}
[debug] [2019-09-23T19:16:05.981Z] [runtime-status] Resolved module firebase-admin {"declared":true,"installed":true,"version":"8.3.0","resolution":"/Users/akiryk/Documents/projects/socialape-functions/functions/node_modules/firebase-admin/lib/index.js"}
[debug] [2019-09-23T19:16:05.982Z] [runtime-status] Resolved module firebase-functions {"declared":true,"installed":true,"version":"3.2.0","resolution":"/Users/akiryk/Documents/projects/socialape-functions/functions/node_modules/firebase-functions/lib/index.js"}
[debug] [2019-09-23T19:16:05.982Z] [runtime-status] Resolved module firebase-functions {"declared":true,"installed":true,"version":"3.2.0","resolution":"/Users/akiryk/Documents/projects/socialape-functions/functions/node_modules/firebase-functions/lib/index.js"}
[debug] [2019-09-23T19:16:09.496Z] Accepted request POST /simplereactapp-bed9b/us-east1/api/login --> api
[debug] [2019-09-23T19:16:09.810Z] [runtime-status] Functions runtime initialized. {"cwd":"/Users/akiryk/Documents/projects/socialape-functions/functions","node_version":"8.13.0"}
[info] i  functions: Beginning execution of "api"
[debug] [2019-09-23T19:16:09.810Z] [runtime-status] Disabled runtime features: {"functions_config_helper":true,"network_filtering":true,"timeout":true,"memory_limiting":true,"admin_stubs":true} {}
[debug] [2019-09-23T19:16:09.815Z] [runtime-status] Resolved module firebase-admin {"declared":true,"installed":true,"version":"8.3.0","resolution":"/Users/akiryk/Documents/projects/socialape-functions/functions/node_modules/firebase-admin/lib/index.js"}
[debug] [2019-09-23T19:16:09.816Z] [runtime-status] Resolved module firebase-functions {"declared":true,"installed":true,"version":"3.2.0","resolution":"/Users/akiryk/Documents/projects/socialape-functions/functions/node_modules/firebase-functions/lib/index.js"}
[debug] [2019-09-23T19:16:09.817Z] [runtime-status] Resolved module firebase-functions {"declared":true,"installed":true,"version":"3.2.0","resolution":"/Users/akiryk/Documents/projects/socialape-functions/functions/node_modules/firebase-functions/lib/index.js"}
[debug] [2019-09-23T19:16:10.259Z] [runtime-status] Trigger "api" has been found, beginning invocation! {}
[debug] [2019-09-23T19:16:10.259Z] [runtime-status]  {"regions":["us-east1"],"httpsTrigger":{},"name":"api","entryPoint":"api"}
[debug] [2019-09-23T19:16:10.259Z] [runtime-status] Running api in mode HTTPS {}
[debug] [2019-09-23T19:16:10.267Z] {"socketPath":"/var/folders/07/ncjwvyls5md9byn835b_y8hm003zxn/T/firebase_emulator_invocation_20753.sock"}
[debug] [2019-09-23T19:16:10.268Z] [functions] Runtime ready! Sending request! {"socketPath":"/var/folders/07/ncjwvyls5md9byn835b_y8hm003zxn/T/firebase_emulator_invocation_20753.sock"}
[debug] [2019-09-23T19:16:10.285Z] [runtime-status] Ephemeral server used! {}
[debug] [2019-09-23T19:16:10.305Z] [runtime-status] Ephemeral server survived. {}
[info] i  functions: Finished "api" in ~1s
[debug] [2019-09-23T19:16:12.303Z] Accepted request POST /simplereactapp-bed9b/us-east1/api/login --> api
[debug] [2019-09-23T19:16:12.590Z] [runtime-status] Functions runtime initialized. {"cwd":"/Users/akiryk/Documents/projects/socialape-functions/functions","node_version":"8.13.0"}
[info] i  functions: Beginning execution of "api"
[debug] [2019-09-23T19:16:12.590Z] [runtime-status] Disabled runtime features: {"functions_config_helper":true,"network_filtering":true,"timeout":true,"memory_limiting":true,"admin_stubs":true} {}
[debug] [2019-09-23T19:16:12.592Z] [runtime-status] Resolved module firebase-admin {"declared":true,"installed":true,"version":"8.3.0","resolution":"/Users/akiryk/Documents/projects/socialape-functions/functions/node_modules/firebase-admin/lib/index.js"}
[debug] [2019-09-23T19:16:12.593Z] [runtime-status] Resolved module firebase-functions {"declared":true,"installed":true,"version":"3.2.0","resolution":"/Users/akiryk/Documents/projects/socialape-functions/functions/node_modules/firebase-functions/lib/index.js"}
[debug] [2019-09-23T19:16:12.595Z] [runtime-status] Resolved module firebase-functions {"declared":true,"installed":true,"version":"3.2.0","resolution":"/Users/akiryk/Documents/projects/socialape-functions/functions/node_modules/firebase-functions/lib/index.js"}
[debug] [2019-09-23T19:16:13.022Z] [runtime-status] Trigger "api" has been found, beginning invocation! {}
[debug] [2019-09-23T19:16:13.022Z] [runtime-status]  {"regions":["us-east1"],"httpsTrigger":{},"name":"api","entryPoint":"api"}
[debug] [2019-09-23T19:16:13.022Z] [runtime-status] Running api in mode HTTPS {}
[debug] [2019-09-23T19:16:13.029Z] {"socketPath":"/var/folders/07/ncjwvyls5md9byn835b_y8hm003zxn/T/firebase_emulator_invocation_20754.sock"}
[debug] [2019-09-23T19:16:13.029Z] [functions] Runtime ready! Sending request! {"socketPath":"/var/folders/07/ncjwvyls5md9byn835b_y8hm003zxn/T/firebase_emulator_invocation_20754.sock"}
[debug] [2019-09-23T19:16:13.047Z] [runtime-status] Ephemeral server used! {}
[debug] [2019-09-23T19:16:13.068Z] [runtime-status] Ephemeral server survived. {}
[info] >  { [Error: The password is invalid or the user does not have a password.]
[info] >    code: 'auth/wrong-password',
[info] >    message: 'The password is invalid or the user does not have a password.' }
[info] i  functions: Finished "api" in ~1s
[debug] [2019-09-23T19:21:03.454Z] Accepted request POST /simplereactapp-bed9b/us-east1/api/login --> api
[debug] [2019-09-23T19:21:03.747Z] [runtime-status] Functions runtime initialized. {"cwd":"/Users/akiryk/Documents/projects/socialape-functions/functions","node_version":"8.13.0"}
[info] i  functions: Beginning execution of "api"
[debug] [2019-09-23T19:21:03.748Z] [runtime-status] Disabled runtime features: {"functions_config_helper":true,"network_filtering":true,"timeout":true,"memory_limiting":true,"admin_stubs":true} {}
[debug] [2019-09-23T19:21:03.750Z] [runtime-status] Resolved module firebase-admin {"declared":true,"installed":true,"version":"8.3.0","resolution":"/Users/akiryk/Documents/projects/socialape-functions/functions/node_modules/firebase-admin/lib/index.js"}
[debug] [2019-09-23T19:21:03.751Z] [runtime-status] Resolved module firebase-functions {"declared":true,"installed":true,"version":"3.2.0","resolution":"/Users/akiryk/Documents/projects/socialape-functions/functions/node_modules/firebase-functions/lib/index.js"}
[debug] [2019-09-23T19:21:03.752Z] [runtime-status] Resolved module firebase-functions {"declared":true,"installed":true,"version":"3.2.0","resolution":"/Users/akiryk/Documents/projects/socialape-functions/functions/node_modules/firebase-functions/lib/index.js"}
[debug] [2019-09-23T19:21:04.175Z] [runtime-status] Trigger "api" has been found, beginning invocation! {}
[debug] [2019-09-23T19:21:04.176Z] [runtime-status]  {"regions":["us-east1"],"httpsTrigger":{},"name":"api","entryPoint":"api"}
[debug] [2019-09-23T19:21:04.176Z] [runtime-status] Running api in mode HTTPS {}
[debug] [2019-09-23T19:21:04.181Z] {"socketPath":"/var/folders/07/ncjwvyls5md9byn835b_y8hm003zxn/T/firebase_emulator_invocation_20782.sock"}
[debug] [2019-09-23T19:21:04.182Z] [functions] Runtime ready! Sending request! {"socketPath":"/var/folders/07/ncjwvyls5md9byn835b_y8hm003zxn/T/firebase_emulator_invocation_20782.sock"}
[debug] [2019-09-23T19:21:04.199Z] [runtime-status] Ephemeral server used! {}
[debug] [2019-09-23T19:21:04.217Z] [runtime-status] Ephemeral server survived. {}
[info] i  functions: Finished "api" in ~1s
[debug] [2019-09-23T19:21:50.896Z] Accepted request POST /simplereactapp-bed9b/us-east1/api/scream --> api
[debug] [2019-09-23T19:21:51.329Z] [runtime-status] Functions runtime initialized. {"cwd":"/Users/akiryk/Documents/projects/socialape-functions/functions","node_version":"8.13.0"}
[info] i  functions: Beginning execution of "api"
[debug] [2019-09-23T19:21:51.330Z] [runtime-status] Disabled runtime features: {"functions_config_helper":true,"network_filtering":true,"timeout":true,"memory_limiting":true,"admin_stubs":true} {}
[debug] [2019-09-23T19:21:51.333Z] [runtime-status] Resolved module firebase-admin {"declared":true,"installed":true,"version":"8.3.0","resolution":"/Users/akiryk/Documents/projects/socialape-functions/functions/node_modules/firebase-admin/lib/index.js"}
[debug] [2019-09-23T19:21:51.335Z] [runtime-status] Resolved module firebase-functions {"declared":true,"installed":true,"version":"3.2.0","resolution":"/Users/akiryk/Documents/projects/socialape-functions/functions/node_modules/firebase-functions/lib/index.js"}
[debug] [2019-09-23T19:21:51.335Z] [runtime-status] Resolved module firebase-functions {"declared":true,"installed":true,"version":"3.2.0","resolution":"/Users/akiryk/Documents/projects/socialape-functions/functions/node_modules/firebase-functions/lib/index.js"}
[debug] [2019-09-23T19:21:51.945Z] [runtime-status] Trigger "api" has been found, beginning invocation! {}
[debug] [2019-09-23T19:21:51.945Z] [runtime-status]  {"regions":["us-east1"],"httpsTrigger":{},"name":"api","entryPoint":"api"}
[debug] [2019-09-23T19:21:51.945Z] [runtime-status] Running api in mode HTTPS {}
[debug] [2019-09-23T19:21:51.952Z] {"socketPath":"/var/folders/07/ncjwvyls5md9byn835b_y8hm003zxn/T/firebase_emulator_invocation_20784.sock"}
[debug] [2019-09-23T19:21:51.953Z] [functions] Runtime ready! Sending request! {"socketPath":"/var/folders/07/ncjwvyls5md9byn835b_y8hm003zxn/T/firebase_emulator_invocation_20784.sock"}
[debug] [2019-09-23T19:21:51.976Z] [runtime-status] Ephemeral server used! {}
[info] >  No token found
[debug] [2019-09-23T19:21:51.982Z] [runtime-status] Ephemeral server survived. {}
[info] i  functions: Finished "api" in ~1s
[debug] [2019-09-23T19:22:59.728Z] Accepted request POST /simplereactapp-bed9b/us-east1/api/scream --> api
[debug] [2019-09-23T19:23:00.105Z] [runtime-status] Functions runtime initialized. {"cwd":"/Users/akiryk/Documents/projects/socialape-functions/functions","node_version":"8.13.0"}
[info] i  functions: Beginning execution of "api"
[debug] [2019-09-23T19:23:00.105Z] [runtime-status] Disabled runtime features: {"functions_config_helper":true,"network_filtering":true,"timeout":true,"memory_limiting":true,"admin_stubs":true} {}
[debug] [2019-09-23T19:23:00.109Z] [runtime-status] Resolved module firebase-admin {"declared":true,"installed":true,"version":"8.3.0","resolution":"/Users/akiryk/Documents/projects/socialape-functions/functions/node_modules/firebase-admin/lib/index.js"}
[debug] [2019-09-23T19:23:00.110Z] [runtime-status] Resolved module firebase-functions {"declared":true,"installed":true,"version":"3.2.0","resolution":"/Users/akiryk/Documents/projects/socialape-functions/functions/node_modules/firebase-functions/lib/index.js"}
[debug] [2019-09-23T19:23:00.111Z] [runtime-status] Resolved module firebase-functions {"declared":true,"installed":true,"version":"3.2.0","resolution":"/Users/akiryk/Documents/projects/socialape-functions/functions/node_modules/firebase-functions/lib/index.js"}
[debug] [2019-09-23T19:23:00.661Z] [runtime-status] Trigger "api" has been found, beginning invocation! {}
[debug] [2019-09-23T19:23:00.661Z] [runtime-status]  {"regions":["us-east1"],"httpsTrigger":{},"name":"api","entryPoint":"api"}
[debug] [2019-09-23T19:23:00.661Z] [runtime-status] Running api in mode HTTPS {}
[debug] [2019-09-23T19:23:00.667Z] {"socketPath":"/var/folders/07/ncjwvyls5md9byn835b_y8hm003zxn/T/firebase_emulator_invocation_20791.sock"}
[debug] [2019-09-23T19:23:00.668Z] [functions] Runtime ready! Sending request! {"socketPath":"/var/folders/07/ncjwvyls5md9byn835b_y8hm003zxn/T/firebase_emulator_invocation_20791.sock"}
[debug] [2019-09-23T19:23:00.690Z] [runtime-status] Ephemeral server used! {}
[debug] [2019-09-23T19:23:00.732Z] [runtime-status] Ephemeral server survived. {}
[info] >  Error while verifying token { Error: Decoding Firebase ID token failed. Make sure you passed the entire string JWT which represents an ID token. See https://firebase.google.com/docs/auth/admin/verify-id-tokens for details on how to retrieve an ID token.
[info] >      at FirebaseAuthError.FirebaseError [as constructor] (/Users/akiryk/Documents/projects/socialape-functions/functions/node_modules/firebase-admin/lib/utils/error.js:42:28)
[info] >      at FirebaseAuthError.PrefixedFirebaseError [as constructor] (/Users/akiryk/Documents/projects/socialape-functions/functions/node_modules/firebase-admin/lib/utils/error.js:88:28)
[info] >      at new FirebaseAuthError (/Users/akiryk/Documents/projects/socialape-functions/functions/node_modules/firebase-admin/lib/utils/error.js:146:16)
[info] >      at FirebaseTokenVerifier.verifyJWT (/Users/akiryk/Documents/projects/socialape-functions/functions/node_modules/firebase-admin/lib/auth/token-verifier.js:158:35)
[info] >      at Auth.BaseAuth.verifyIdToken (/Users/akiryk/Documents/projects/socialape-functions/functions/node_modules/firebase-admin/lib/auth/auth.js:105:37)
[info] >      at FBAuth (/Users/akiryk/Documents/projects/socialape-functions/functions/index.js:63:6)
[info] >      at Layer.handle [as handle_request] (/Users/akiryk/Documents/projects/socialape-functions/functions/node_modules/express/lib/router/layer.js:95:5)
[info] >      at next (/Users/akiryk/Documents/projects/socialape-functions/functions/node_modules/express/lib/router/route.js:137:13)
[info] >      at Route.dispatch (/Users/akiryk/Documents/projects/socialape-functions/functions/node_modules/express/lib/router/route.js:112:3)
[info] >      at Layer.handle [as handle_request] (/Users/akiryk/Documents/projects/socialape-functions/functions/node_modules/express/lib/router/layer.js:95:5)
[info] >    errorInfo: 
[info] >     { code: 'auth/argument-error',
[info] >       message: 'Decoding Firebase ID token failed. Make sure you passed the entire string JWT which represents an ID token. See https://firebase.google.com/docs/auth/admin/verify-id-tokens for details on how to retrieve an ID token.' },
[info] >    codePrefix: 'auth' }
[info] i  functions: Finished "api" in ~1s
[debug] [2019-09-23T19:23:34.916Z] Accepted request POST /simplereactapp-bed9b/us-east1/api/login --> api
[debug] [2019-09-23T19:23:35.248Z] [runtime-status] Functions runtime initialized. {"cwd":"/Users/akiryk/Documents/projects/socialape-functions/functions","node_version":"8.13.0"}
[info] i  functions: Beginning execution of "api"
[debug] [2019-09-23T19:23:35.249Z] [runtime-status] Disabled runtime features: {"functions_config_helper":true,"network_filtering":true,"timeout":true,"memory_limiting":true,"admin_stubs":true} {}
[debug] [2019-09-23T19:23:35.252Z] [runtime-status] Resolved module firebase-admin {"declared":true,"installed":true,"version":"8.3.0","resolution":"/Users/akiryk/Documents/projects/socialape-functions/functions/node_modules/firebase-admin/lib/index.js"}
[debug] [2019-09-23T19:23:35.253Z] [runtime-status] Resolved module firebase-functions {"declared":true,"installed":true,"version":"3.2.0","resolution":"/Users/akiryk/Documents/projects/socialape-functions/functions/node_modules/firebase-functions/lib/index.js"}
[debug] [2019-09-23T19:23:35.254Z] [runtime-status] Resolved module firebase-functions {"declared":true,"installed":true,"version":"3.2.0","resolution":"/Users/akiryk/Documents/projects/socialape-functions/functions/node_modules/firebase-functions/lib/index.js"}
[debug] [2019-09-23T19:23:35.656Z] [runtime-status] Trigger "api" has been found, beginning invocation! {}
[debug] [2019-09-23T19:23:35.657Z] [runtime-status]  {"regions":["us-east1"],"httpsTrigger":{},"name":"api","entryPoint":"api"}
[debug] [2019-09-23T19:23:35.657Z] [runtime-status] Running api in mode HTTPS {}
[debug] [2019-09-23T19:23:35.662Z] {"socketPath":"/var/folders/07/ncjwvyls5md9byn835b_y8hm003zxn/T/firebase_emulator_invocation_20795.sock"}
[debug] [2019-09-23T19:23:35.662Z] [functions] Runtime ready! Sending request! {"socketPath":"/var/folders/07/ncjwvyls5md9byn835b_y8hm003zxn/T/firebase_emulator_invocation_20795.sock"}
[debug] [2019-09-23T19:23:35.678Z] [runtime-status] Ephemeral server used! {}
[debug] [2019-09-23T19:23:35.697Z] [runtime-status] Ephemeral server survived. {}
[info] i  functions: Finished "api" in ~1s
[debug] [2019-09-23T19:24:05.253Z] Accepted request POST /simplereactapp-bed9b/us-east1/api/scream --> api
[debug] [2019-09-23T19:24:05.530Z] [runtime-status] Functions runtime initialized. {"cwd":"/Users/akiryk/Documents/projects/socialape-functions/functions","node_version":"8.13.0"}
[info] i  functions: Beginning execution of "api"
[debug] [2019-09-23T19:24:05.531Z] [runtime-status] Disabled runtime features: {"functions_config_helper":true,"network_filtering":true,"timeout":true,"memory_limiting":true,"admin_stubs":true} {}
[debug] [2019-09-23T19:24:05.535Z] [runtime-status] Resolved module firebase-admin {"declared":true,"installed":true,"version":"8.3.0","resolution":"/Users/akiryk/Documents/projects/socialape-functions/functions/node_modules/firebase-admin/lib/index.js"}
[debug] [2019-09-23T19:24:05.536Z] [runtime-status] Resolved module firebase-functions {"declared":true,"installed":true,"version":"3.2.0","resolution":"/Users/akiryk/Documents/projects/socialape-functions/functions/node_modules/firebase-functions/lib/index.js"}
[debug] [2019-09-23T19:24:05.537Z] [runtime-status] Resolved module firebase-functions {"declared":true,"installed":true,"version":"3.2.0","resolution":"/Users/akiryk/Documents/projects/socialape-functions/functions/node_modules/firebase-functions/lib/index.js"}
[debug] [2019-09-23T19:24:05.930Z] [runtime-status] Trigger "api" has been found, beginning invocation! {}
[debug] [2019-09-23T19:24:05.930Z] [runtime-status]  {"regions":["us-east1"],"httpsTrigger":{},"name":"api","entryPoint":"api"}
[debug] [2019-09-23T19:24:05.930Z] [runtime-status] Running api in mode HTTPS {}
[debug] [2019-09-23T19:24:05.938Z] {"socketPath":"/var/folders/07/ncjwvyls5md9byn835b_y8hm003zxn/T/firebase_emulator_invocation_20798.sock"}
[debug] [2019-09-23T19:24:05.938Z] [functions] Runtime ready! Sending request! {"socketPath":"/var/folders/07/ncjwvyls5md9byn835b_y8hm003zxn/T/firebase_emulator_invocation_20798.sock"}
[debug] [2019-09-23T19:24:05.954Z] [runtime-status] Ephemeral server used! {}
[debug] [2019-09-23T19:24:05.989Z] [runtime-status] Ephemeral server survived. {}
[info] >  { iss: 'https://securetoken.google.com/simplereactapp-bed9b',
[info] >    aud: 'simplereactapp-bed9b',
[info] >    auth_time: 1569266615,
[info] >    user_id: 'prHuyD8CYTdYof3HIPLjDzAPw432',
[info] >    sub: 'prHuyD8CYTdYof3HIPLjDzAPw432',
[info] >    iat: 1569266615,
[info] >    exp: 1569270215,
[info] >    email: 'akiryk@test.com',
[info] >    email_verified: false,
[info] >    firebase: { identities: { email: [Array] }, sign_in_provider: 'password' },
[info] >    uid: 'prHuyD8CYTdYof3HIPLjDzAPw432' }
[info] i  functions: Finished "api" in ~1s
